0 info it worked if it ends with ok
1 verbose cli [ '/usr/local/Cellar/node/6.4.0/bin/node',
1 verbose cli   '/usr/local/bin/npm',
1 verbose cli   'publish' ]
2 info using npm@3.10.6
3 info using node@v6.4.0
4 verbose publish [ '.' ]
5 silly cache add args [ '.', null ]
6 verbose cache add spec .
7 silly cache add parsed spec Result {
7 silly cache add   raw: '.',
7 silly cache add   scope: null,
7 silly cache add   escapedName: null,
7 silly cache add   name: null,
7 silly cache add   rawSpec: '.',
7 silly cache add   spec: '/Users/laynefaler/Desktop/JS_Projects/Build/DevTools/npms/brms-pirate/BRMS-Pirate_JS',
7 silly cache add   type: 'directory' }
8 verbose addLocalDirectory /Users/laynefaler/.npm/brms-pirate/1.1.1/package.tgz not in flight; packing
9 verbose correctMkdir /Users/laynefaler/.npm correctMkdir not in flight; initializing
10 info lifecycle brms-pirate@1.1.1~prepublish: brms-pirate@1.1.1
11 silly lifecycle brms-pirate@1.1.1~prepublish: no script for prepublish, continuing
12 verbose tar pack [ '/Users/laynefaler/.npm/brms-pirate/1.1.1/package.tgz',
12 verbose tar pack   '/Users/laynefaler/Desktop/JS_Projects/Build/DevTools/npms/brms-pirate/BRMS-Pirate_JS' ]
13 verbose tarball /Users/laynefaler/.npm/brms-pirate/1.1.1/package.tgz
14 verbose folder /Users/laynefaler/Desktop/JS_Projects/Build/DevTools/npms/brms-pirate/BRMS-Pirate_JS
15 verbose addLocalTarball adding from inside cache /Users/laynefaler/.npm/brms-pirate/1.1.1/package.tgz
16 verbose correctMkdir /Users/laynefaler/.npm correctMkdir not in flight; initializing
17 silly cache afterAdd brms-pirate@1.1.1
18 verbose afterAdd /Users/laynefaler/.npm/brms-pirate/1.1.1/package/package.json not in flight; writing
19 verbose correctMkdir /Users/laynefaler/.npm correctMkdir not in flight; initializing
20 verbose afterAdd /Users/laynefaler/.npm/brms-pirate/1.1.1/package/package.json written
21 silly publish { name: 'brms-pirate',
21 silly publish   version: '1.1.1',
21 silly publish   description: 'Basic React Meteor Setup. This is a meteor that set-ups a react project for you. New updates will continue has needed. This is the basic setup I use when making my react projects. Enjoy!',
21 silly publish   scripts: { test: 'echo "Error: no test specified" && exit 1' },
21 silly publish   repository:
21 silly publish    { type: 'git',
21 silly publish      url: 'git+https://github.com/laynefaler/BRMS-Pirate_JS.git' },
21 silly publish   keywords: [ 'meteor' ],
21 silly publish   author: { name: 'Layne Faler', email: 'laynefaler' },
21 silly publish   license: 'ISC',
21 silly publish   bugs: { url: 'https://github.com/laynefaler/BRMS-Pirate_JS/issues' },
21 silly publish   homepage: 'https://github.com/laynefaler/BRMS-Pirate_JS#readme',
21 silly publish   preferGlobal: true,
21 silly publish   bin: { pirate: './actions/index.js' },
21 silly publish   dependencies:
21 silly publish    { jsonfile: '^2.4.0',
21 silly publish      'meteor-node-stubs': '~0.2.0',
21 silly publish      ncp: '^2.0.0',
21 silly publish      react: '^15.3.2',
21 silly publish      'react-dom': '^15.3.2',
21 silly publish      'react-router': '^2.8.1',
21 silly publish      redux: '^3.6.0' },
21 silly publish   readme: '<!--\n@Author: Layne Faler <laynefaler>\n@Date:   10-10-2016\n@Email:  laynefaler@gmail.com\n@Last modified by:   laynefaler\n@Last modified time: 10-19-2016\n-->\n\n# README\n\n    _______________  ___ _____  ______ _           _       \n    | ___ \\ ___ \\  \\/  |/  ___| | ___ (_)         | |      \n    | |_/ / |_/ / .  . |\\ `--.  | |_/ /_ _ __ __ _| |_ ___\n    | ___ \\    /| |\\/| | `--. \\ |  __/| | \'__/ _` | __/ _ \\\n    | |_/ / |\\ \\| |  | |/\\__/ / | |   | | | | (_| | ||  __/\n    \\____/\\_| \\_\\_|  |_/\\____/  \\_|   |_|_|  \\__,_|\\__\\___|\n\n\n## Installation\n\n`npm install -g brms-pirate` <br/>\n`pirate arr`<br/>\n`pirate create <project-name>`<br/>\n`cd <project-name>`<br/>\n`meteor npm install` <br/>\n`meteor`<br/>\n\n### To add a component\n\n`cd <project-name>`<br/>\n`pirate component <component-name>`<br/>\n',
21 silly publish   readmeFilename: 'README.md',
21 silly publish   gitHead: '409f948d765b018ec417998139cc3b32cb20ac8c',
21 silly publish   _id: 'brms-pirate@1.1.1',
21 silly publish   _shasum: 'ce5bf673a63c76cfa06f1d39038efa1407525b13',
21 silly publish   _from: '.' }
22 verbose getPublishConfig undefined
23 silly mapToRegistry name brms-pirate
24 silly mapToRegistry using default registry
25 silly mapToRegistry registry https://registry.npmjs.org/
26 silly mapToRegistry data Result {
26 silly mapToRegistry   raw: 'brms-pirate',
26 silly mapToRegistry   scope: null,
26 silly mapToRegistry   escapedName: 'brms-pirate',
26 silly mapToRegistry   name: 'brms-pirate',
26 silly mapToRegistry   rawSpec: '',
26 silly mapToRegistry   spec: 'latest',
26 silly mapToRegistry   type: 'tag' }
27 silly mapToRegistry uri https://registry.npmjs.org/brms-pirate
28 verbose publish registryBase https://registry.npmjs.org/
29 silly publish uploading /Users/laynefaler/.npm/brms-pirate/1.1.1/package.tgz
30 verbose request uri https://registry.npmjs.org/brms-pirate
31 verbose request sending authorization for write operation
32 info attempt registry request try #1 at 4:20:32 PM
33 verbose request using bearer token for auth
34 verbose request id f149a457fbce0a75
35 http request PUT https://registry.npmjs.org/brms-pirate
36 http 403 https://registry.npmjs.org/brms-pirate
37 verbose headers { 'content-type': 'application/json',
37 verbose headers   'cache-control': 'max-age=300',
37 verbose headers   'content-length': '95',
37 verbose headers   'accept-ranges': 'bytes',
37 verbose headers   date: 'Wed, 19 Oct 2016 23:20:33 GMT',
37 verbose headers   via: '1.1 varnish',
37 verbose headers   connection: 'keep-alive',
37 verbose headers   'x-served-by': 'cache-lax8631-LAX',
37 verbose headers   'x-cache': 'MISS',
37 verbose headers   'x-cache-hits': '0',
37 verbose headers   'x-timer': 'S1476919233.103624,VS0,VE180',
37 verbose headers   vary: 'Accept-Encoding' }
38 verbose request invalidating /Users/laynefaler/.npm/registry.npmjs.org/brms-pirate on PUT
39 error publish Failed PUT 403
40 verbose stack Error: "You cannot publish over the previously published version 1.1.1." : brms-pirate
40 verbose stack     at makeError (/usr/local/lib/node_modules/npm/node_modules/npm-registry-client/lib/request.js:264:12)
40 verbose stack     at CachingRegistryClient.<anonymous> (/usr/local/lib/node_modules/npm/node_modules/npm-registry-client/lib/request.js:252:14)
40 verbose stack     at Request._callback (/usr/local/lib/node_modules/npm/node_modules/npm-registry-client/lib/request.js:172:14)
40 verbose stack     at Request.self.callback (/usr/local/lib/node_modules/npm/node_modules/request/request.js:200:22)
40 verbose stack     at emitTwo (events.js:106:13)
40 verbose stack     at Request.emit (events.js:191:7)
40 verbose stack     at Request.<anonymous> (/usr/local/lib/node_modules/npm/node_modules/request/request.js:1067:10)
40 verbose stack     at emitOne (events.js:101:20)
40 verbose stack     at Request.emit (events.js:188:7)
40 verbose stack     at IncomingMessage.<anonymous> (/usr/local/lib/node_modules/npm/node_modules/request/request.js:988:12)
41 verbose statusCode 403
42 verbose pkgid brms-pirate
43 verbose cwd /Users/laynefaler/Desktop/JS_Projects/Build/DevTools/npms/brms-pirate/BRMS-Pirate_JS
44 error Darwin 16.0.0
45 error argv "/usr/local/Cellar/node/6.4.0/bin/node" "/usr/local/bin/npm" "publish"
46 error node v6.4.0
47 error npm  v3.10.6
48 error code E403
49 error "You cannot publish over the previously published version 1.1.1." : brms-pirate
50 error If you need help, you may report this error at:
50 error     <https://github.com/npm/npm/issues>
51 verbose exit [ 1, true ]
