0 info it worked if it ends with ok
1 verbose cli [ '/usr/local/Cellar/node/6.4.0/bin/node',
1 verbose cli   '/usr/local/bin/npm',
1 verbose cli   'publish' ]
2 info using npm@3.10.6
3 info using node@v6.4.0
4 verbose publish [ '.' ]
5 verbose stack Error: No version provided
5 verbose stack     at /usr/local/lib/node_modules/npm/lib/publish.js:52:36
5 verbose stack     at /usr/local/lib/node_modules/npm/node_modules/read-package-json/read-json.js:356:5
5 verbose stack     at checkBinReferences_ (/usr/local/lib/node_modules/npm/node_modules/read-package-json/read-json.js:320:45)
5 verbose stack     at final (/usr/local/lib/node_modules/npm/node_modules/read-package-json/read-json.js:354:3)
5 verbose stack     at then (/usr/local/lib/node_modules/npm/node_modules/read-package-json/read-json.js:124:5)
5 verbose stack     at ReadFileContext.<anonymous> (/usr/local/lib/node_modules/npm/node_modules/read-package-json/read-json.js:295:20)
5 verbose stack     at ReadFileContext.callback (/usr/local/lib/node_modules/npm/node_modules/graceful-fs/graceful-fs.js:78:16)
5 verbose stack     at FSReqWrap.readFileAfterOpen [as oncomplete] (fs.js:365:13)
6 verbose cwd /Users/laynefaler/Desktop/JS_Projects/Build/DevTools/npms/brms-pirate/project/temp
7 error Darwin 16.0.0
8 error argv "/usr/local/Cellar/node/6.4.0/bin/node" "/usr/local/bin/npm" "publish"
9 error node v6.4.0
10 error npm  v3.10.6
11 error No version provided
12 error If you need help, you may report this error at:
12 error     <https://github.com/npm/npm/issues>
13 verbose exit [ 1, true ]
